2025-10-06 16:16:10,160 ERROR scheduler Skipped queueing frappe.email.queue.flush because it was found in queue for test.com
2025-10-06 16:17:10,466 ERROR scheduler Skipped queueing frappe.email.queue.flush because it was found in queue for test.com
2025-10-06 16:18:10,612 ERROR scheduler Skipped queueing frappe.email.queue.flush because it was found in queue for test.com
2025-10-06 16:19:10,726 ERROR scheduler Skipped queueing frappe.email.queue.flush because it was found in queue for test.com
2025-10-08 12:41:29,065 ERROR scheduler Skipped queueing helpdesk.search.build_index_if_not_exists because it was found in queue for test.com
2025-10-08 12:41:30,356 ERROR scheduler Skipped queueing frappe.integrations.doctype.google_calendar.google_calendar.sync because it was found in queue for test.com
2025-10-08 12:41:30,370 ERROR scheduler Skipped queueing helpdesk.search.download_corpus because it was found in queue for test.com
2025-10-08 12:41:30,380 ERROR scheduler Skipped queueing frappe.monitor.flush because it was found in queue for test.com
2025-10-08 12:41:30,385 ERROR scheduler Skipped queueing frappe.email.queue.retry_sending_emails because it was found in queue for test.com
2025-10-08 12:41:30,397 ERROR scheduler Skipped queueing frappe.email.queue.flush because it was found in queue for test.com
2025-10-09 13:25:49,113 ERROR scheduler Skipped queueing frappe.integrations.doctype.google_calendar.google_calendar.sync because it was found in queue for test.com
2025-10-09 13:25:50,083 ERROR scheduler Skipped queueing frappe.monitor.flush because it was found in queue for test.com
2025-10-09 13:25:50,146 ERROR scheduler Skipped queueing frappe.email.queue.flush because it was found in queue for test.com
2025-10-09 13:25:50,160 ERROR scheduler Skipped queueing helpdesk.search.build_index_if_not_exists because it was found in queue for test.com
2025-10-16 11:45:12,012 ERROR scheduler Skipped queueing frappe.monitor.flush because it was found in queue for test.com
2025-10-16 11:45:12,382 ERROR scheduler Skipped queueing frappe.integrations.doctype.google_calendar.google_calendar.sync because it was found in queue for test.com
2025-10-16 11:45:12,402 ERROR scheduler Skipped queueing helpdesk.search.build_index_if_not_exists because it was found in queue for test.com
2025-10-16 11:45:12,413 ERROR scheduler Skipped queueing frappe.email.queue.retry_sending_emails because it was found in queue for test.com
2025-10-16 11:45:12,417 ERROR scheduler Skipped queueing frappe.email.queue.flush because it was found in queue for test.com
2025-10-16 11:45:12,429 ERROR scheduler Skipped queueing helpdesk.search.download_corpus because it was found in queue for test.com
2025-10-16 11:46:12,460 ERROR scheduler Skipped queueing frappe.deferred_insert.save_to_db because it was found in queue for test.com
2025-10-16 11:46:12,463 ERROR scheduler Skipped queueing frappe.automation.doctype.reminder.reminder.send_reminders because it was found in queue for test.com
2025-10-16 11:46:12,475 ERROR scheduler Skipped queueing frappe.utils.global_search.sync_global_search because it was found in queue for test.com
2025-10-16 11:46:12,479 ERROR scheduler Skipped queueing frappe.search.sqlite_search.build_index_if_not_exists because it was found in queue for test.com
2025-10-16 11:46:12,486 ERROR scheduler Skipped queueing frappe.email.doctype.email_account.email_account.notify_unreplied because it was found in queue for test.com
2025-10-16 11:46:12,498 ERROR scheduler Skipped queueing frappe.model.utils.link_count.update_link_count because it was found in queue for test.com
2025-10-16 11:46:12,509 ERROR scheduler Skipped queueing frappe.pulse.client.send_queued_events because it was found in queue for test.com
2025-10-16 11:47:12,526 ERROR scheduler Skipped queueing frappe.pulse.client.send_queued_events because it was found in queue for test.com
2025-10-16 11:47:12,532 ERROR scheduler Skipped queueing frappe.model.utils.link_count.update_link_count because it was found in queue for test.com
2025-10-16 11:47:12,543 ERROR scheduler Skipped queueing frappe.automation.doctype.reminder.reminder.send_reminders because it was found in queue for test.com
2025-10-16 11:47:12,547 ERROR scheduler Skipped queueing frappe.search.sqlite_search.build_index_if_not_exists because it was found in queue for test.com
2025-10-16 11:47:12,550 ERROR scheduler Skipped queueing frappe.utils.global_search.sync_global_search because it was found in queue for test.com
2025-10-16 11:47:12,558 ERROR scheduler Skipped queueing frappe.deferred_insert.save_to_db because it was found in queue for test.com
2025-10-16 11:47:12,561 ERROR scheduler Skipped queueing frappe.email.doctype.email_account.email_account.notify_unreplied because it was found in queue for test.com
2025-10-16 11:48:12,607 ERROR scheduler Skipped queueing frappe.model.utils.link_count.update_link_count because it was found in queue for test.com
2025-10-16 11:48:12,612 ERROR scheduler Skipped queueing frappe.email.doctype.email_account.email_account.notify_unreplied because it was found in queue for test.com
2025-10-16 11:48:12,618 ERROR scheduler Skipped queueing frappe.pulse.client.send_queued_events because it was found in queue for test.com
2025-10-16 11:48:12,634 ERROR scheduler Skipped queueing frappe.search.sqlite_search.build_index_if_not_exists because it was found in queue for test.com
2025-10-16 11:48:12,653 ERROR scheduler Skipped queueing frappe.automation.doctype.reminder.reminder.send_reminders because it was found in queue for test.com
2025-10-16 11:48:12,669 ERROR scheduler Skipped queueing frappe.utils.global_search.sync_global_search because it was found in queue for test.com
2025-10-16 11:48:12,691 ERROR scheduler Skipped queueing frappe.deferred_insert.save_to_db because it was found in queue for test.com
2025-10-16 11:49:12,725 ERROR scheduler Skipped queueing helpdesk.search.download_corpus because it was found in queue for test.com
2025-10-16 11:49:12,726 ERROR scheduler Skipped queueing helpdesk.search.build_index_if_not_exists because it was found in queue for test.com
2025-10-16 11:49:12,731 ERROR scheduler Skipped queueing frappe.email.queue.retry_sending_emails because it was found in queue for test.com
2025-10-16 11:49:12,734 ERROR scheduler Skipped queueing frappe.pulse.client.send_queued_events because it was found in queue for test.com
2025-10-16 11:49:12,739 ERROR scheduler Skipped queueing frappe.model.utils.link_count.update_link_count because it was found in queue for test.com
2025-10-16 11:49:12,744 ERROR scheduler Skipped queueing frappe.automation.doctype.reminder.reminder.send_reminders because it was found in queue for test.com
2025-10-16 11:49:12,745 ERROR scheduler Skipped queueing frappe.monitor.flush because it was found in queue for test.com
2025-10-16 11:49:12,754 ERROR scheduler Skipped queueing frappe.search.sqlite_search.build_index_if_not_exists because it was found in queue for test.com
2025-10-16 11:49:12,756 ERROR scheduler Skipped queueing frappe.utils.global_search.sync_global_search because it was found in queue for test.com
2025-10-16 11:49:12,760 ERROR scheduler Skipped queueing frappe.integrations.doctype.google_calendar.google_calendar.sync because it was found in queue for test.com
2025-10-16 11:49:12,761 ERROR scheduler Skipped queueing frappe.email.doctype.email_account.email_account.notify_unreplied because it was found in queue for test.com
2025-10-16 11:49:12,764 ERROR scheduler Skipped queueing frappe.deferred_insert.save_to_db because it was found in queue for test.com
2025-10-16 11:49:12,767 ERROR scheduler Skipped queueing frappe.email.queue.flush because it was found in queue for test.com
2025-10-16 11:50:12,801 ERROR scheduler Skipped queueing frappe.email.queue.flush because it was found in queue for test.com
2025-10-16 11:50:12,815 ERROR scheduler Skipped queueing frappe.integrations.doctype.google_calendar.google_calendar.sync because it was found in queue for test.com
2025-10-16 11:50:12,842 ERROR scheduler Skipped queueing frappe.email.queue.retry_sending_emails because it was found in queue for test.com
2025-10-16 11:50:12,847 ERROR scheduler Skipped queueing frappe.monitor.flush because it was found in queue for test.com
2025-10-16 11:50:12,856 ERROR scheduler Skipped queueing helpdesk.search.download_corpus because it was found in queue for test.com
2025-10-16 11:50:12,859 ERROR scheduler Skipped queueing helpdesk.search.build_index_if_not_exists because it was found in queue for test.com
2025-10-16 11:52:12,966 ERROR scheduler Skipped queueing frappe.email.doctype.email_account.email_account.pull because it was found in queue for test.com
2025-10-16 11:53:13,023 ERROR scheduler Skipped queueing frappe.email.queue.flush because it was found in queue for test.com
2025-10-16 11:53:13,032 ERROR scheduler Skipped queueing frappe.email.doctype.email_account.email_account.pull because it was found in queue for test.com
2025-10-16 11:53:13,036 ERROR scheduler Skipped queueing frappe.integrations.doctype.google_calendar.google_calendar.sync because it was found in queue for test.com
2025-10-16 11:53:13,040 ERROR scheduler Skipped queueing helpdesk.search.build_index_if_not_exists because it was found in queue for test.com
2025-10-16 11:53:13,044 ERROR scheduler Skipped queueing frappe.monitor.flush because it was found in queue for test.com
2025-10-16 11:53:13,048 ERROR scheduler Skipped queueing helpdesk.search.download_corpus because it was found in queue for test.com
2025-10-16 11:53:13,054 ERROR scheduler Skipped queueing frappe.email.queue.retry_sending_emails because it was found in queue for test.com
2025-10-16 14:53:30,091 ERROR scheduler Skipped queueing frappe.email.queue.flush because it was found in queue for test.com
2025-10-16 14:53:30,239 ERROR scheduler Skipped queueing frappe.integrations.doctype.google_calendar.google_calendar.sync because it was found in queue for test.com
2025-10-16 14:53:30,245 ERROR scheduler Skipped queueing frappe.monitor.flush because it was found in queue for test.com
2025-10-16 14:53:30,248 ERROR scheduler Skipped queueing helpdesk.search.build_index_if_not_exists because it was found in queue for test.com
2025-10-16 14:53:30,270 ERROR scheduler Skipped queueing helpdesk.search.download_corpus because it was found in queue for test.com
2025-10-16 14:53:30,272 ERROR scheduler Skipped queueing frappe.email.queue.retry_sending_emails because it was found in queue for test.com
2025-10-16 14:57:30,514 ERROR scheduler Skipped queueing frappe.monitor.flush because it was found in queue for test.com
2025-10-16 14:57:30,516 ERROR scheduler Skipped queueing frappe.email.queue.retry_sending_emails because it was found in queue for test.com
2025-10-16 14:57:30,538 ERROR scheduler Skipped queueing helpdesk.search.build_index_if_not_exists because it was found in queue for test.com
2025-10-16 14:57:30,551 ERROR scheduler Skipped queueing frappe.email.queue.flush because it was found in queue for test.com
2025-10-16 14:57:30,555 ERROR scheduler Skipped queueing helpdesk.search.download_corpus because it was found in queue for test.com
2025-10-16 14:57:30,565 ERROR scheduler Skipped queueing frappe.integrations.doctype.google_calendar.google_calendar.sync because it was found in queue for test.com
2025-10-16 14:58:30,601 ERROR scheduler Skipped queueing helpdesk.search.download_corpus because it was found in queue for test.com
2025-10-16 14:58:30,614 ERROR scheduler Skipped queueing helpdesk.search.build_index_if_not_exists because it was found in queue for test.com
2025-10-16 14:58:30,629 ERROR scheduler Skipped queueing frappe.integrations.doctype.google_calendar.google_calendar.sync because it was found in queue for test.com
2025-10-16 14:58:30,632 ERROR scheduler Skipped queueing frappe.monitor.flush because it was found in queue for test.com
2025-10-16 14:58:30,636 ERROR scheduler Skipped queueing frappe.email.queue.flush because it was found in queue for test.com
2025-10-16 14:58:30,640 ERROR scheduler Skipped queueing frappe.email.queue.retry_sending_emails because it was found in queue for test.com
2025-10-16 15:01:30,800 ERROR scheduler Skipped queueing frappe.core.doctype.prepared_report.prepared_report.expire_stalled_report because it was found in queue for test.com
2025-10-16 15:01:30,802 ERROR scheduler Skipped queueing frappe.desk.utils.delete_old_exported_report_files because it was found in queue for test.com
2025-10-16 15:01:30,805 ERROR scheduler Skipped queueing frappe.desk.form.document_follow.send_hourly_updates because it was found in queue for test.com
2025-10-16 15:01:30,807 ERROR scheduler Skipped queueing frappe.pulse.client.send_queued_events because it was found in queue for test.com
2025-10-16 15:01:30,811 ERROR scheduler Skipped queueing frappe.utils.global_search.sync_global_search because it was found in queue for test.com
2025-10-16 15:01:30,813 ERROR scheduler Skipped queueing frappe.email.queue.flush because it was found in queue for test.com
2025-10-16 15:01:30,815 ERROR scheduler Skipped queueing helpdesk.search.download_corpus because it was found in queue for test.com
2025-10-16 15:01:30,817 ERROR scheduler Skipped queueing frappe.email.doctype.email_account.email_account.pull because it was found in queue for test.com
2025-10-16 15:01:30,819 ERROR scheduler Skipped queueing frappe.website.doctype.personal_data_deletion_request.personal_data_deletion_request.process_data_deletion_request because it was found in queue for test.com
2025-10-16 15:01:30,822 ERROR scheduler Skipped queueing frappe.deferred_insert.save_to_db because it was found in queue for test.com
2025-10-16 15:01:30,825 ERROR scheduler Skipped queueing frappe.email.queue.retry_sending_emails because it was found in queue for test.com
2025-10-16 15:01:30,828 ERROR scheduler Skipped queueing frappe.oauth.delete_oauth2_data because it was found in queue for test.com
2025-10-16 15:01:30,835 ERROR scheduler Skipped queueing frappe.email.doctype.email_account.email_account.notify_unreplied because it was found in queue for test.com
2025-10-16 15:01:30,837 ERROR scheduler Skipped queueing frappe.model.utils.user_settings.sync_user_settings because it was found in queue for test.com
2025-10-16 15:01:30,839 ERROR scheduler Skipped queueing frappe.search.sqlite_search.build_index_if_not_exists because it was found in queue for test.com
2025-10-16 15:01:30,840 ERROR scheduler Skipped queueing frappe.automation.doctype.reminder.reminder.send_reminders because it was found in queue for test.com
2025-10-16 15:01:30,842 ERROR scheduler Skipped queueing frappe.desk.page.backups.backups.delete_downloadable_backups because it was found in queue for test.com
2025-10-16 15:01:30,844 ERROR scheduler Skipped queueing frappe.monitor.flush because it was found in queue for test.com
2025-10-16 15:01:30,849 ERROR scheduler Skipped queueing frappe.integrations.doctype.google_calendar.google_calendar.sync because it was found in queue for test.com
2025-10-16 15:01:30,851 ERROR scheduler Skipped queueing frappe.model.utils.link_count.update_link_count because it was found in queue for test.com
2025-10-16 15:01:30,854 ERROR scheduler Skipped queueing frappe.email.doctype.newsletter.newsletter.send_scheduled_email because it was found in queue for test.com
2025-10-16 15:01:30,855 ERROR scheduler Skipped queueing frappe.website.doctype.web_page.web_page.check_publish_status because it was found in queue for test.com
2025-10-16 15:01:30,857 ERROR scheduler Skipped queueing helpdesk.search.build_index_if_not_exists because it was found in queue for test.com
2025-10-16 15:01:30,861 ERROR scheduler Skipped queueing frappe.twofactor.delete_all_barcodes_for_users because it was found in queue for test.com
2025-10-16 15:02:30,883 ERROR scheduler Skipped queueing frappe.search.sqlite_search.build_index_if_not_exists because it was found in queue for test.com
2025-10-16 15:02:30,886 ERROR scheduler Skipped queueing frappe.utils.global_search.sync_global_search because it was found in queue for test.com
2025-10-16 15:02:30,888 ERROR scheduler Skipped queueing frappe.website.doctype.web_page.web_page.check_publish_status because it was found in queue for test.com
2025-10-16 15:02:30,890 ERROR scheduler Skipped queueing frappe.model.utils.user_settings.sync_user_settings because it was found in queue for test.com
2025-10-16 15:02:30,894 ERROR scheduler Skipped queueing helpdesk.search.download_corpus because it was found in queue for test.com
2025-10-16 15:02:30,904 ERROR scheduler Skipped queueing frappe.pulse.client.send_queued_events because it was found in queue for test.com
2025-10-16 15:02:30,907 ERROR scheduler Skipped queueing frappe.desk.utils.delete_old_exported_report_files because it was found in queue for test.com
2025-10-16 15:02:30,915 ERROR scheduler Skipped queueing frappe.model.utils.link_count.update_link_count because it was found in queue for test.com
2025-10-16 15:02:30,918 ERROR scheduler Skipped queueing helpdesk.search.build_index_if_not_exists because it was found in queue for test.com
2025-10-16 15:02:30,925 ERROR scheduler Skipped queueing frappe.integrations.doctype.google_calendar.google_calendar.sync because it was found in queue for test.com
2025-10-16 15:02:30,931 ERROR scheduler Skipped queueing frappe.email.doctype.email_account.email_account.pull because it was found in queue for test.com
2025-10-16 15:02:30,934 ERROR scheduler Skipped queueing frappe.automation.doctype.reminder.reminder.send_reminders because it was found in queue for test.com
2025-10-16 15:02:30,939 ERROR scheduler Skipped queueing frappe.email.queue.retry_sending_emails because it was found in queue for test.com
2025-10-16 15:02:30,945 ERROR scheduler Skipped queueing frappe.website.doctype.personal_data_deletion_request.personal_data_deletion_request.process_data_deletion_request because it was found in queue for test.com
2025-10-16 15:02:30,951 ERROR scheduler Skipped queueing frappe.email.doctype.email_account.email_account.notify_unreplied because it was found in queue for test.com
2025-10-16 15:02:30,953 ERROR scheduler Skipped queueing frappe.desk.form.document_follow.send_hourly_updates because it was found in queue for test.com
2025-10-16 15:02:30,958 ERROR scheduler Skipped queueing frappe.core.doctype.prepared_report.prepared_report.expire_stalled_report because it was found in queue for test.com
2025-10-16 15:02:30,961 ERROR scheduler Skipped queueing frappe.email.queue.flush because it was found in queue for test.com
2025-10-16 15:02:30,964 ERROR scheduler Skipped queueing frappe.desk.page.backups.backups.delete_downloadable_backups because it was found in queue for test.com
2025-10-16 15:02:30,971 ERROR scheduler Skipped queueing frappe.deferred_insert.save_to_db because it was found in queue for test.com
2025-10-16 15:02:30,975 ERROR scheduler Skipped queueing frappe.twofactor.delete_all_barcodes_for_users because it was found in queue for test.com
2025-10-16 15:02:30,977 ERROR scheduler Skipped queueing frappe.email.doctype.newsletter.newsletter.send_scheduled_email because it was found in queue for test.com
2025-10-16 15:02:30,979 ERROR scheduler Skipped queueing frappe.oauth.delete_oauth2_data because it was found in queue for test.com
2025-10-16 15:02:30,982 ERROR scheduler Skipped queueing frappe.monitor.flush because it was found in queue for test.com
2025-10-16 15:03:30,998 ERROR scheduler Skipped queueing frappe.desk.form.document_follow.send_hourly_updates because it was found in queue for test.com
2025-10-16 15:03:31,010 ERROR scheduler Skipped queueing frappe.website.doctype.web_page.web_page.check_publish_status because it was found in queue for test.com
2025-10-16 15:03:31,014 ERROR scheduler Skipped queueing frappe.desk.utils.delete_old_exported_report_files because it was found in queue for test.com
2025-10-16 15:03:31,018 ERROR scheduler Skipped queueing frappe.core.doctype.prepared_report.prepared_report.expire_stalled_report because it was found in queue for test.com
2025-10-16 15:03:31,026 ERROR scheduler Skipped queueing frappe.desk.page.backups.backups.delete_downloadable_backups because it was found in queue for test.com
2025-10-16 15:03:31,028 ERROR scheduler Skipped queueing frappe.oauth.delete_oauth2_data because it was found in queue for test.com
2025-10-16 15:03:31,036 ERROR scheduler Skipped queueing frappe.website.doctype.personal_data_deletion_request.personal_data_deletion_request.process_data_deletion_request because it was found in queue for test.com
2025-10-16 15:03:31,038 ERROR scheduler Skipped queueing frappe.model.utils.user_settings.sync_user_settings because it was found in queue for test.com
2025-10-16 15:03:31,040 ERROR scheduler Skipped queueing frappe.twofactor.delete_all_barcodes_for_users because it was found in queue for test.com
2025-10-22 10:58:16,764 ERROR scheduler Skipped queueing frappe.email.queue.retry_sending_emails because it was found in queue for test.com
2025-10-22 10:58:18,214 ERROR scheduler Skipped queueing frappe.email.queue.flush because it was found in queue for test.com
2025-10-22 10:58:18,309 ERROR scheduler Skipped queueing helpdesk.search.download_corpus because it was found in queue for test.com
2025-10-22 10:58:18,317 ERROR scheduler Skipped queueing helpdesk.search.build_index_if_not_exists because it was found in queue for test.com
2025-10-22 10:58:18,319 ERROR scheduler Skipped queueing frappe.integrations.doctype.google_calendar.google_calendar.sync because it was found in queue for test.com
2025-10-22 10:58:18,322 ERROR scheduler Skipped queueing frappe.monitor.flush because it was found in queue for test.com
2025-10-23 17:22:00,171 ERROR scheduler Skipped queueing frappe.email.queue.flush because it was found in queue for test.com
2025-10-23 17:22:07,378 ERROR scheduler Skipped queueing frappe.monitor.flush because it was found in queue for test.com
2025-10-23 17:22:07,387 ERROR scheduler Skipped queueing frappe.email.doctype.email_account.email_account.pull because it was found in queue for test.com
2025-10-23 17:22:07,393 ERROR scheduler Skipped queueing frappe.email.queue.retry_sending_emails because it was found in queue for test.com
2025-10-23 17:22:07,405 ERROR scheduler Skipped queueing frappe.integrations.doctype.google_calendar.google_calendar.sync because it was found in queue for test.com
2025-10-23 17:22:07,422 ERROR scheduler Skipped queueing helpdesk.search.download_corpus because it was found in queue for test.com
2025-10-23 17:22:07,453 ERROR scheduler Skipped queueing helpdesk.search.build_index_if_not_exists because it was found in queue for test.com
2025-10-23 17:23:08,299 ERROR scheduler Skipped queueing frappe.email.queue.flush because it was found in queue for test.com
2025-10-23 17:23:08,302 ERROR scheduler Skipped queueing frappe.integrations.doctype.google_calendar.google_calendar.sync because it was found in queue for test.com
2025-10-23 17:23:11,369 ERROR scheduler Skipped queueing helpdesk.search.build_index_if_not_exists because it was found in queue for test.com
2025-10-23 17:23:11,400 ERROR scheduler Skipped queueing frappe.email.queue.retry_sending_emails because it was found in queue for test.com
2025-10-23 17:23:11,408 ERROR scheduler Skipped queueing frappe.email.doctype.email_account.email_account.pull because it was found in queue for test.com
2025-10-24 10:31:10,270 ERROR scheduler Skipped queueing frappe.utils.global_search.sync_global_search because it was found in queue for test.com
2025-10-24 10:31:11,283 ERROR scheduler Skipped queueing frappe.search.sqlite_search.build_index_if_not_exists because it was found in queue for test.com
2025-10-24 10:31:11,305 ERROR scheduler Skipped queueing frappe.automation.doctype.reminder.reminder.send_reminders because it was found in queue for test.com
2025-10-24 10:31:11,313 ERROR scheduler Skipped queueing frappe.pulse.client.send_queued_events because it was found in queue for test.com
2025-10-24 10:31:11,317 ERROR scheduler Skipped queueing frappe.model.utils.link_count.update_link_count because it was found in queue for test.com
2025-10-24 10:31:11,334 ERROR scheduler Skipped queueing frappe.email.doctype.email_account.email_account.notify_unreplied because it was found in queue for test.com
2025-10-24 10:31:11,354 ERROR scheduler Skipped queueing frappe.deferred_insert.save_to_db because it was found in queue for test.com
2025-10-24 10:31:11,357 ERROR scheduler Skipped queueing frappe.email.doctype.email_account.email_account.pull because it was found in queue for test.com
